<?xml version="1.0" encoding="UTF-8"?>
<testng-results skipped="0" failed="0" ignored="0" total="1" passed="1">
  <reporter-output>
  </reporter-output>
  <suite name="Suite" duration-ms="100727" started-at="2019-12-10T03:46:06Z" finished-at="2019-12-10T03:47:46Z">
    <groups>
      <group name="cucumber">
        <method signature="AbstractTestNGCucumberTests.feature(cucumber.api.testng.CucumberFeatureWrapper)[pri:0, instance:runner.TestRunner@531be3c5]" name="feature" class="cucumber.api.testng.AbstractTestNGCucumberTests"/>
      </group> <!-- cucumber -->
    </groups>
    <test name="Test" duration-ms="100727" started-at="2019-12-10T03:46:06Z" finished-at="2019-12-10T03:47:46Z">
      <class name="runner.TestRunner">
        <test-method status="PASS" signature="setUpClass()[pri:0, instance:runner.TestRunner@531be3c5]" name="setUpClass" is-config="true" duration-ms="535" started-at="2019-12-10T03:46:06Z" finished-at="2019-12-10T03:46:06Z">
          <reporter-output>
          </reporter-output>
        </test-method> <!-- setUpClass -->
        <test-method status="PASS" signature="feature(cucumber.api.testng.CucumberFeatureWrapper)[pri:0, instance:runner.TestRunner@531be3c5]" name="feature" duration-ms="99367" started-at="2019-12-10T03:46:06Z" description="Runs Cucumber Feature" data-provider="features" finished-at="2019-12-10T03:47:46Z">
          <params>
            <param index="0">
              <value>
                <![CDATA[Demo Automation Login Check]]>
              </value>
            </param>
          </params>
          <reporter-output>
          </reporter-output>
        </test-method> <!-- feature -->
        <test-method status="PASS" signature="tearDownClass()[pri:0, instance:runner.TestRunner@531be3c5]" name="tearDownClass" is-config="true" duration-ms="602" started-at="2019-12-10T03:47:46Z" finished-at="2019-12-10T03:47:46Z">
          <reporter-output>
          </reporter-output>
        </test-method> <!-- tearDownClass -->
      </class> <!-- runner.TestRunner -->
    </test> <!-- Test -->
  </suite> <!-- Suite -->
</testng-results>
