<?xml version="1.0" encoding="UTF-8"?>
<testng-results skipped="0" failed="0" ignored="0" total="1" passed="1">
  <reporter-output>
  </reporter-output>
  <suite name="Suite" duration-ms="20844" started-at="2019-12-09T04:29:00Z" finished-at="2019-12-09T04:29:21Z">
    <groups>
      <group name="cucumber">
        <method signature="AbstractTestNGCucumberTests.feature(cucumber.api.testng.CucumberFeatureWrapper)[pri:0, instance:runner.TestRunner@604ed9f0]" name="feature" class="cucumber.api.testng.AbstractTestNGCucumberTests"/>
      </group> <!-- cucumber -->
    </groups>
    <test name="Test" duration-ms="20844" started-at="2019-12-09T04:29:00Z" finished-at="2019-12-09T04:29:21Z">
      <class name="runner.TestRunner">
        <test-method status="PASS" signature="setUpClass()[pri:0, instance:runner.TestRunner@604ed9f0]" name="setUpClass" is-config="true" duration-ms="393" started-at="2019-12-09T04:29:00Z" finished-at="2019-12-09T04:29:00Z">
          <reporter-output>
          </reporter-output>
        </test-method> <!-- setUpClass -->
        <test-method status="PASS" signature="feature(cucumber.api.testng.CucumberFeatureWrapper)[pri:0, instance:runner.TestRunner@604ed9f0]" name="feature" duration-ms="20094" started-at="2019-12-09T04:29:00Z" description="Runs Cucumber Feature" data-provider="features" finished-at="2019-12-09T04:29:21Z">
          <params>
            <param index="0">
              <value>
                <![CDATA[Demo Automation Login Check]]>
              </value>
            </param>
          </params>
          <reporter-output>
          </reporter-output>
        </test-method> <!-- feature -->
        <test-method status="PASS" signature="tearDownClass()[pri:0, instance:runner.TestRunner@604ed9f0]" name="tearDownClass" is-config="true" duration-ms="201" started-at="2019-12-09T04:29:21Z" finished-at="2019-12-09T04:29:21Z">
          <reporter-output>
          </reporter-output>
        </test-method> <!-- tearDownClass -->
      </class> <!-- runner.TestRunner -->
    </test> <!-- Test -->
  </suite> <!-- Suite -->
</testng-results>
